app/build/intermediates/manifest_merge_blame_file/release/manifest-merger-blame-release-report.txt
1<?xml version="1.0" encoding="utf-8"?>
2<manifest xmlns:android="http://schemas.android.com/apk/res/android"
3    package="team.Voyager.openinwhatsapp"
4    android:versionCode="8"
5    android:versionName="1.4" >
6
7    <uses-sdk
8        android:minSdkVersion="14"
8-->src/main/AndroidManifest.xml
9        android:targetSdkVersion="30" />
9-->src/main/AndroidManifest.xml
10
11    <application
11-->src/main/AndroidManifest.xml:5:5-18:19
12        android:allowBackup="true"
12-->src/main/AndroidManifest.xml:6:9-35
13        android:icon="@mipmap/ic_launcher_logo"
13-->src/main/AndroidManifest.xml:7:9-48
14        android:label="@string/app_name"
14-->src/main/AndroidManifest.xml:9:9-41
15        android:screenOrientation="portrait"
15-->src/main/AndroidManifest.xml:8:9-45
16        android:theme="@style/Translucent" >
16-->src/main/AndroidManifest.xml:10:9-43
17        <activity android:name="team.Voyager.openinwhatsapp.MainActivity" >
17-->src/main/AndroidManifest.xml:11:9-17:20
17-->src/main/AndroidManifest.xml:11:19-74
18            <intent-filter>
18-->src/main/AndroidManifest.xml:12:13-16:29
19                <action android:name="android.intent.action.MAIN" />
19-->src/main/AndroidManifest.xml:13:17-68
19-->src/main/AndroidManifest.xml:13:25-66
20
21                <category android:name="android.intent.category.LAUNCHER" />
21-->src/main/AndroidManifest.xml:15:17-76
21-->src/main/AndroidManifest.xml:15:27-74
22            </intent-filter>
23        </activity>
24    </application>
25
26</manifest>